2012-08-28 20:44:03 Debug: Notice (8): Undefined variable: codesUsed in [C:\Users\Jorgep\Documents\software\xampp\htdocs\pepsi_masiva2012\app\View\Users\stats.ctp, line 5]
Trace:
include - APP\View\Users\stats.ctp, line 5
View::_evaluate() - CORE\Cake\View\View.php, line 910
View::_render() - CORE\Cake\View\View.php, line 874
View::render() - CORE\Cake\View\View.php, line 465
Controller::render() - CORE\Cake\Controller\Controller.php, line 959
Dispatcher::_invoke() - CORE\Cake\Routing\Dispatcher.php, line 110
Dispatcher::dispatch() - CORE\Cake\Routing\Dispatcher.php, line 85
[main] - APP\webroot\index.php, line 92

2012-08-28 20:44:03 Debug: Notice (8): Undefined variable: prizes in [C:\Users\Jorgep\Documents\software\xampp\htdocs\pepsi_masiva2012\app\View\Users\stats.ctp, line 9]
Trace:
include - APP\View\Users\stats.ctp, line 9
View::_evaluate() - CORE\Cake\View\View.php, line 910
View::_render() - CORE\Cake\View\View.php, line 874
View::render() - CORE\Cake\View\View.php, line 465
Controller::render() - CORE\Cake\Controller\Controller.php, line 959
Dispatcher::_invoke() - CORE\Cake\Routing\Dispatcher.php, line 110
Dispatcher::dispatch() - CORE\Cake\Routing\Dispatcher.php, line 85
[main] - APP\webroot\index.php, line 92

2012-08-28 20:44:03 Debug: Notice (8): Undefined variable: codesBackup in [C:\Users\Jorgep\Documents\software\xampp\htdocs\pepsi_masiva2012\app\View\Users\stats.ctp, line 13]
Trace:
include - APP\View\Users\stats.ctp, line 13
View::_evaluate() - CORE\Cake\View\View.php, line 910
View::_render() - CORE\Cake\View\View.php, line 874
View::render() - CORE\Cake\View\View.php, line 465
Controller::render() - CORE\Cake\Controller\Controller.php, line 959
Dispatcher::_invoke() - CORE\Cake\Routing\Dispatcher.php, line 110
Dispatcher::dispatch() - CORE\Cake\Routing\Dispatcher.php, line 85
[main] - APP\webroot\index.php, line 92

2012-08-28 20:44:03 Debug: Notice (8): Undefined variable: sms in [C:\Users\Jorgep\Documents\software\xampp\htdocs\pepsi_masiva2012\app\View\Users\stats.ctp, line 17]
Trace:
include - APP\View\Users\stats.ctp, line 17
View::_evaluate() - CORE\Cake\View\View.php, line 910
View::_render() - CORE\Cake\View\View.php, line 874
View::render() - CORE\Cake\View\View.php, line 465
Controller::render() - CORE\Cake\Controller\Controller.php, line 959
Dispatcher::_invoke() - CORE\Cake\Routing\Dispatcher.php, line 110
Dispatcher::dispatch() - CORE\Cake\Routing\Dispatcher.php, line 85
[main] - APP\webroot\index.php, line 92

2012-08-28 20:44:03 Debug: Notice (8): Undefined variable: mobilesGiven in [C:\Users\Jorgep\Documents\software\xampp\htdocs\pepsi_masiva2012\app\View\Users\stats.ctp, line 21]
Trace:
include - APP\View\Users\stats.ctp, line 21
View::_evaluate() - CORE\Cake\View\View.php, line 910
View::_render() - CORE\Cake\View\View.php, line 874
View::render() - CORE\Cake\View\View.php, line 465
Controller::render() - CORE\Cake\Controller\Controller.php, line 959
Dispatcher::_invoke() - CORE\Cake\Routing\Dispatcher.php, line 110
Dispatcher::dispatch() - CORE\Cake\Routing\Dispatcher.php, line 85
[main] - APP\webroot\index.php, line 92

2012-08-28 20:47:19 Debug: Notice (8): Undefined variable: codesUsed in [C:\Users\Jorgep\Documents\software\xampp\htdocs\pepsi_masiva2012\app\View\Users\stats.ctp, line 5]
Trace:
include - APP\View\Users\stats.ctp, line 5
View::_evaluate() - CORE\Cake\View\View.php, line 910
View::_render() - CORE\Cake\View\View.php, line 874
View::render() - CORE\Cake\View\View.php, line 465
Controller::render() - CORE\Cake\Controller\Controller.php, line 959
Dispatcher::_invoke() - CORE\Cake\Routing\Dispatcher.php, line 110
Dispatcher::dispatch() - CORE\Cake\Routing\Dispatcher.php, line 85
[main] - APP\webroot\index.php, line 92

2012-08-28 20:47:19 Debug: Notice (8): Undefined variable: prizes in [C:\Users\Jorgep\Documents\software\xampp\htdocs\pepsi_masiva2012\app\View\Users\stats.ctp, line 9]
Trace:
include - APP\View\Users\stats.ctp, line 9
View::_evaluate() - CORE\Cake\View\View.php, line 910
View::_render() - CORE\Cake\View\View.php, line 874
View::render() - CORE\Cake\View\View.php, line 465
Controller::render() - CORE\Cake\Controller\Controller.php, line 959
Dispatcher::_invoke() - CORE\Cake\Routing\Dispatcher.php, line 110
Dispatcher::dispatch() - CORE\Cake\Routing\Dispatcher.php, line 85
[main] - APP\webroot\index.php, line 92

2012-08-28 20:47:19 Debug: Notice (8): Undefined variable: codesBackup in [C:\Users\Jorgep\Documents\software\xampp\htdocs\pepsi_masiva2012\app\View\Users\stats.ctp, line 13]
Trace:
include - APP\View\Users\stats.ctp, line 13
View::_evaluate() - CORE\Cake\View\View.php, line 910
View::_render() - CORE\Cake\View\View.php, line 874
View::render() - CORE\Cake\View\View.php, line 465
Controller::render() - CORE\Cake\Controller\Controller.php, line 959
Dispatcher::_invoke() - CORE\Cake\Routing\Dispatcher.php, line 110
Dispatcher::dispatch() - CORE\Cake\Routing\Dispatcher.php, line 85
[main] - APP\webroot\index.php, line 92

2012-08-28 20:47:19 Debug: Notice (8): Undefined variable: sms in [C:\Users\Jorgep\Documents\software\xampp\htdocs\pepsi_masiva2012\app\View\Users\stats.ctp, line 17]
Trace:
include - APP\View\Users\stats.ctp, line 17
View::_evaluate() - CORE\Cake\View\View.php, line 910
View::_render() - CORE\Cake\View\View.php, line 874
View::render() - CORE\Cake\View\View.php, line 465
Controller::render() - CORE\Cake\Controller\Controller.php, line 959
Dispatcher::_invoke() - CORE\Cake\Routing\Dispatcher.php, line 110
Dispatcher::dispatch() - CORE\Cake\Routing\Dispatcher.php, line 85
[main] - APP\webroot\index.php, line 92

2012-08-28 20:47:19 Debug: Notice (8): Undefined variable: mobilesGiven in [C:\Users\Jorgep\Documents\software\xampp\htdocs\pepsi_masiva2012\app\View\Users\stats.ctp, line 21]
Trace:
include - APP\View\Users\stats.ctp, line 21
View::_evaluate() - CORE\Cake\View\View.php, line 910
View::_render() - CORE\Cake\View\View.php, line 874
View::render() - CORE\Cake\View\View.php, line 465
Controller::render() - CORE\Cake\Controller\Controller.php, line 959
Dispatcher::_invoke() - CORE\Cake\Routing\Dispatcher.php, line 110
Dispatcher::dispatch() - CORE\Cake\Routing\Dispatcher.php, line 85
[main] - APP\webroot\index.php, line 92

2012-08-28 20:47:32 Debug: Notice (8): Undefined variable: codesUsed in [C:\Users\Jorgep\Documents\software\xampp\htdocs\pepsi_masiva2012\app\View\Users\stats.ctp, line 5]
Trace:
include - APP\View\Users\stats.ctp, line 5
View::_evaluate() - CORE\Cake\View\View.php, line 910
View::_render() - CORE\Cake\View\View.php, line 874
View::render() - CORE\Cake\View\View.php, line 465
Controller::render() - CORE\Cake\Controller\Controller.php, line 959
Dispatcher::_invoke() - CORE\Cake\Routing\Dispatcher.php, line 110
Dispatcher::dispatch() - CORE\Cake\Routing\Dispatcher.php, line 85
[main] - APP\webroot\index.php, line 92

2012-08-28 20:47:32 Debug: Notice (8): Undefined variable: prizes in [C:\Users\Jorgep\Documents\software\xampp\htdocs\pepsi_masiva2012\app\View\Users\stats.ctp, line 9]
Trace:
include - APP\View\Users\stats.ctp, line 9
View::_evaluate() - CORE\Cake\View\View.php, line 910
View::_render() - CORE\Cake\View\View.php, line 874
View::render() - CORE\Cake\View\View.php, line 465
Controller::render() - CORE\Cake\Controller\Controller.php, line 959
Dispatcher::_invoke() - CORE\Cake\Routing\Dispatcher.php, line 110
Dispatcher::dispatch() - CORE\Cake\Routing\Dispatcher.php, line 85
[main] - APP\webroot\index.php, line 92

2012-08-28 20:47:32 Debug: Notice (8): Undefined variable: codesBackup in [C:\Users\Jorgep\Documents\software\xampp\htdocs\pepsi_masiva2012\app\View\Users\stats.ctp, line 13]
Trace:
include - APP\View\Users\stats.ctp, line 13
View::_evaluate() - CORE\Cake\View\View.php, line 910
View::_render() - CORE\Cake\View\View.php, line 874
View::render() - CORE\Cake\View\View.php, line 465
Controller::render() - CORE\Cake\Controller\Controller.php, line 959
Dispatcher::_invoke() - CORE\Cake\Routing\Dispatcher.php, line 110
Dispatcher::dispatch() - CORE\Cake\Routing\Dispatcher.php, line 85
[main] - APP\webroot\index.php, line 92

2012-08-28 20:47:32 Debug: Notice (8): Undefined variable: sms in [C:\Users\Jorgep\Documents\software\xampp\htdocs\pepsi_masiva2012\app\View\Users\stats.ctp, line 17]
Trace:
include - APP\View\Users\stats.ctp, line 17
View::_evaluate() - CORE\Cake\View\View.php, line 910
View::_render() - CORE\Cake\View\View.php, line 874
View::render() - CORE\Cake\View\View.php, line 465
Controller::render() - CORE\Cake\Controller\Controller.php, line 959
Dispatcher::_invoke() - CORE\Cake\Routing\Dispatcher.php, line 110
Dispatcher::dispatch() - CORE\Cake\Routing\Dispatcher.php, line 85
[main] - APP\webroot\index.php, line 92

2012-08-28 20:47:32 Debug: Notice (8): Undefined variable: mobilesGiven in [C:\Users\Jorgep\Documents\software\xampp\htdocs\pepsi_masiva2012\app\View\Users\stats.ctp, line 21]
Trace:
include - APP\View\Users\stats.ctp, line 21
View::_evaluate() - CORE\Cake\View\View.php, line 910
View::_render() - CORE\Cake\View\View.php, line 874
View::render() - CORE\Cake\View\View.php, line 465
Controller::render() - CORE\Cake\Controller\Controller.php, line 959
Dispatcher::_invoke() - CORE\Cake\Routing\Dispatcher.php, line 110
Dispatcher::dispatch() - CORE\Cake\Routing\Dispatcher.php, line 85
[main] - APP\webroot\index.php, line 92

2012-08-28 20:47:59 Debug: Notice (8): Undefined variable: codesUsed in [C:\Users\Jorgep\Documents\software\xampp\htdocs\pepsi_masiva2012\app\View\Users\stats.ctp, line 5]
Trace:
include - APP\View\Users\stats.ctp, line 5
View::_evaluate() - CORE\Cake\View\View.php, line 910
View::_render() - CORE\Cake\View\View.php, line 874
View::render() - CORE\Cake\View\View.php, line 465
Controller::render() - CORE\Cake\Controller\Controller.php, line 959
Dispatcher::_invoke() - CORE\Cake\Routing\Dispatcher.php, line 110
Dispatcher::dispatch() - CORE\Cake\Routing\Dispatcher.php, line 85
[main] - APP\webroot\index.php, line 92

2012-08-28 20:47:59 Debug: Notice (8): Undefined variable: prizes in [C:\Users\Jorgep\Documents\software\xampp\htdocs\pepsi_masiva2012\app\View\Users\stats.ctp, line 9]
Trace:
include - APP\View\Users\stats.ctp, line 9
View::_evaluate() - CORE\Cake\View\View.php, line 910
View::_render() - CORE\Cake\View\View.php, line 874
View::render() - CORE\Cake\View\View.php, line 465
Controller::render() - CORE\Cake\Controller\Controller.php, line 959
Dispatcher::_invoke() - CORE\Cake\Routing\Dispatcher.php, line 110
Dispatcher::dispatch() - CORE\Cake\Routing\Dispatcher.php, line 85
[main] - APP\webroot\index.php, line 92

2012-08-28 20:47:59 Debug: Notice (8): Undefined variable: codesBackup in [C:\Users\Jorgep\Documents\software\xampp\htdocs\pepsi_masiva2012\app\View\Users\stats.ctp, line 13]
Trace:
include - APP\View\Users\stats.ctp, line 13
View::_evaluate() - CORE\Cake\View\View.php, line 910
View::_render() - CORE\Cake\View\View.php, line 874
View::render() - CORE\Cake\View\View.php, line 465
Controller::render() - CORE\Cake\Controller\Controller.php, line 959
Dispatcher::_invoke() - CORE\Cake\Routing\Dispatcher.php, line 110
Dispatcher::dispatch() - CORE\Cake\Routing\Dispatcher.php, line 85
[main] - APP\webroot\index.php, line 92

2012-08-28 20:47:59 Debug: Notice (8): Undefined variable: sms in [C:\Users\Jorgep\Documents\software\xampp\htdocs\pepsi_masiva2012\app\View\Users\stats.ctp, line 17]
Trace:
include - APP\View\Users\stats.ctp, line 17
View::_evaluate() - CORE\Cake\View\View.php, line 910
View::_render() - CORE\Cake\View\View.php, line 874
View::render() - CORE\Cake\View\View.php, line 465
Controller::render() - CORE\Cake\Controller\Controller.php, line 959
Dispatcher::_invoke() - CORE\Cake\Routing\Dispatcher.php, line 110
Dispatcher::dispatch() - CORE\Cake\Routing\Dispatcher.php, line 85
[main] - APP\webroot\index.php, line 92

2012-08-28 20:47:59 Debug: Notice (8): Undefined variable: mobilesGiven in [C:\Users\Jorgep\Documents\software\xampp\htdocs\pepsi_masiva2012\app\View\Users\stats.ctp, line 21]
Trace:
include - APP\View\Users\stats.ctp, line 21
View::_evaluate() - CORE\Cake\View\View.php, line 910
View::_render() - CORE\Cake\View\View.php, line 874
View::render() - CORE\Cake\View\View.php, line 465
Controller::render() - CORE\Cake\Controller\Controller.php, line 959
Dispatcher::_invoke() - CORE\Cake\Routing\Dispatcher.php, line 110
Dispatcher::dispatch() - CORE\Cake\Routing\Dispatcher.php, line 85
[main] - APP\webroot\index.php, line 92

2012-08-28 20:48:08 Debug: Notice (8): Undefined variable: codesUsed in [C:\Users\Jorgep\Documents\software\xampp\htdocs\pepsi_masiva2012\app\View\Users\stats.ctp, line 5]
Trace:
include - APP\View\Users\stats.ctp, line 5
View::_evaluate() - CORE\Cake\View\View.php, line 910
View::_render() - CORE\Cake\View\View.php, line 874
View::render() - CORE\Cake\View\View.php, line 465
Controller::render() - CORE\Cake\Controller\Controller.php, line 959
Dispatcher::_invoke() - CORE\Cake\Routing\Dispatcher.php, line 110
Dispatcher::dispatch() - CORE\Cake\Routing\Dispatcher.php, line 85
[main] - APP\webroot\index.php, line 92

2012-08-28 20:48:08 Debug: Notice (8): Undefined variable: prizes in [C:\Users\Jorgep\Documents\software\xampp\htdocs\pepsi_masiva2012\app\View\Users\stats.ctp, line 9]
Trace:
include - APP\View\Users\stats.ctp, line 9
View::_evaluate() - CORE\Cake\View\View.php, line 910
View::_render() - CORE\Cake\View\View.php, line 874
View::render() - CORE\Cake\View\View.php, line 465
Controller::render() - CORE\Cake\Controller\Controller.php, line 959
Dispatcher::_invoke() - CORE\Cake\Routing\Dispatcher.php, line 110
Dispatcher::dispatch() - CORE\Cake\Routing\Dispatcher.php, line 85
[main] - APP\webroot\index.php, line 92

2012-08-28 20:48:08 Debug: Notice (8): Undefined variable: codesBackup in [C:\Users\Jorgep\Documents\software\xampp\htdocs\pepsi_masiva2012\app\View\Users\stats.ctp, line 13]
Trace:
include - APP\View\Users\stats.ctp, line 13
View::_evaluate() - CORE\Cake\View\View.php, line 910
View::_render() - CORE\Cake\View\View.php, line 874
View::render() - CORE\Cake\View\View.php, line 465
Controller::render() - CORE\Cake\Controller\Controller.php, line 959
Dispatcher::_invoke() - CORE\Cake\Routing\Dispatcher.php, line 110
Dispatcher::dispatch() - CORE\Cake\Routing\Dispatcher.php, line 85
[main] - APP\webroot\index.php, line 92

2012-08-28 20:48:08 Debug: Notice (8): Undefined variable: sms in [C:\Users\Jorgep\Documents\software\xampp\htdocs\pepsi_masiva2012\app\View\Users\stats.ctp, line 17]
Trace:
include - APP\View\Users\stats.ctp, line 17
View::_evaluate() - CORE\Cake\View\View.php, line 910
View::_render() - CORE\Cake\View\View.php, line 874
View::render() - CORE\Cake\View\View.php, line 465
Controller::render() - CORE\Cake\Controller\Controller.php, line 959
Dispatcher::_invoke() - CORE\Cake\Routing\Dispatcher.php, line 110
Dispatcher::dispatch() - CORE\Cake\Routing\Dispatcher.php, line 85
[main] - APP\webroot\index.php, line 92

2012-08-28 20:48:08 Debug: Notice (8): Undefined variable: mobilesGiven in [C:\Users\Jorgep\Documents\software\xampp\htdocs\pepsi_masiva2012\app\View\Users\stats.ctp, line 21]
Trace:
include - APP\View\Users\stats.ctp, line 21
View::_evaluate() - CORE\Cake\View\View.php, line 910
View::_render() - CORE\Cake\View\View.php, line 874
View::render() - CORE\Cake\View\View.php, line 465
Controller::render() - CORE\Cake\Controller\Controller.php, line 959
Dispatcher::_invoke() - CORE\Cake\Routing\Dispatcher.php, line 110
Dispatcher::dispatch() - CORE\Cake\Routing\Dispatcher.php, line 85
[main] - APP\webroot\index.php, line 92

2012-08-28 20:48:49 Debug: Notice (8): Undefined variable: codesUsed in [C:\Users\Jorgep\Documents\software\xampp\htdocs\pepsi_masiva2012\app\View\Users\stats.ctp, line 5]
Trace:
include - APP\View\Users\stats.ctp, line 5
View::_evaluate() - CORE\Cake\View\View.php, line 910
View::_render() - CORE\Cake\View\View.php, line 874
View::render() - CORE\Cake\View\View.php, line 465
Controller::render() - CORE\Cake\Controller\Controller.php, line 959
Dispatcher::_invoke() - CORE\Cake\Routing\Dispatcher.php, line 110
Dispatcher::dispatch() - CORE\Cake\Routing\Dispatcher.php, line 85
[main] - APP\webroot\index.php, line 92

2012-08-28 20:48:49 Debug: Notice (8): Undefined variable: prizes in [C:\Users\Jorgep\Documents\software\xampp\htdocs\pepsi_masiva2012\app\View\Users\stats.ctp, line 9]
Trace:
include - APP\View\Users\stats.ctp, line 9
View::_evaluate() - CORE\Cake\View\View.php, line 910
View::_render() - CORE\Cake\View\View.php, line 874
View::render() - CORE\Cake\View\View.php, line 465
Controller::render() - CORE\Cake\Controller\Controller.php, line 959
Dispatcher::_invoke() - CORE\Cake\Routing\Dispatcher.php, line 110
Dispatcher::dispatch() - CORE\Cake\Routing\Dispatcher.php, line 85
[main] - APP\webroot\index.php, line 92

2012-08-28 20:48:49 Debug: Notice (8): Undefined variable: codesBackup in [C:\Users\Jorgep\Documents\software\xampp\htdocs\pepsi_masiva2012\app\View\Users\stats.ctp, line 13]
Trace:
include - APP\View\Users\stats.ctp, line 13
View::_evaluate() - CORE\Cake\View\View.php, line 910
View::_render() - CORE\Cake\View\View.php, line 874
View::render() - CORE\Cake\View\View.php, line 465
Controller::render() - CORE\Cake\Controller\Controller.php, line 959
Dispatcher::_invoke() - CORE\Cake\Routing\Dispatcher.php, line 110
Dispatcher::dispatch() - CORE\Cake\Routing\Dispatcher.php, line 85
[main] - APP\webroot\index.php, line 92

2012-08-28 20:48:49 Debug: Notice (8): Undefined variable: sms in [C:\Users\Jorgep\Documents\software\xampp\htdocs\pepsi_masiva2012\app\View\Users\stats.ctp, line 17]
Trace:
include - APP\View\Users\stats.ctp, line 17
View::_evaluate() - CORE\Cake\View\View.php, line 910
View::_render() - CORE\Cake\View\View.php, line 874
View::render() - CORE\Cake\View\View.php, line 465
Controller::render() - CORE\Cake\Controller\Controller.php, line 959
Dispatcher::_invoke() - CORE\Cake\Routing\Dispatcher.php, line 110
Dispatcher::dispatch() - CORE\Cake\Routing\Dispatcher.php, line 85
[main] - APP\webroot\index.php, line 92

2012-08-28 20:48:49 Debug: Notice (8): Undefined variable: mobilesGiven in [C:\Users\Jorgep\Documents\software\xampp\htdocs\pepsi_masiva2012\app\View\Users\stats.ctp, line 21]
Trace:
include - APP\View\Users\stats.ctp, line 21
View::_evaluate() - CORE\Cake\View\View.php, line 910
View::_render() - CORE\Cake\View\View.php, line 874
View::render() - CORE\Cake\View\View.php, line 465
Controller::render() - CORE\Cake\Controller\Controller.php, line 959
Dispatcher::_invoke() - CORE\Cake\Routing\Dispatcher.php, line 110
Dispatcher::dispatch() - CORE\Cake\Routing\Dispatcher.php, line 85
[main] - APP\webroot\index.php, line 92

2012-08-28 20:48:58 Debug: Notice (8): Undefined variable: codesUsed in [C:\Users\Jorgep\Documents\software\xampp\htdocs\pepsi_masiva2012\app\View\Users\stats.ctp, line 5]
Trace:
include - APP\View\Users\stats.ctp, line 5
View::_evaluate() - CORE\Cake\View\View.php, line 910
View::_render() - CORE\Cake\View\View.php, line 874
View::render() - CORE\Cake\View\View.php, line 465
Controller::render() - CORE\Cake\Controller\Controller.php, line 959
Dispatcher::_invoke() - CORE\Cake\Routing\Dispatcher.php, line 110
Dispatcher::dispatch() - CORE\Cake\Routing\Dispatcher.php, line 85
[main] - APP\webroot\index.php, line 92

2012-08-28 20:48:58 Debug: Notice (8): Undefined variable: prizes in [C:\Users\Jorgep\Documents\software\xampp\htdocs\pepsi_masiva2012\app\View\Users\stats.ctp, line 9]
Trace:
include - APP\View\Users\stats.ctp, line 9
View::_evaluate() - CORE\Cake\View\View.php, line 910
View::_render() - CORE\Cake\View\View.php, line 874
View::render() - CORE\Cake\View\View.php, line 465
Controller::render() - CORE\Cake\Controller\Controller.php, line 959
Dispatcher::_invoke() - CORE\Cake\Routing\Dispatcher.php, line 110
Dispatcher::dispatch() - CORE\Cake\Routing\Dispatcher.php, line 85
[main] - APP\webroot\index.php, line 92

2012-08-28 20:48:58 Debug: Notice (8): Undefined variable: codesBackup in [C:\Users\Jorgep\Documents\software\xampp\htdocs\pepsi_masiva2012\app\View\Users\stats.ctp, line 13]
Trace:
include - APP\View\Users\stats.ctp, line 13
View::_evaluate() - CORE\Cake\View\View.php, line 910
View::_render() - CORE\Cake\View\View.php, line 874
View::render() - CORE\Cake\View\View.php, line 465
Controller::render() - CORE\Cake\Controller\Controller.php, line 959
Dispatcher::_invoke() - CORE\Cake\Routing\Dispatcher.php, line 110
Dispatcher::dispatch() - CORE\Cake\Routing\Dispatcher.php, line 85
[main] - APP\webroot\index.php, line 92

2012-08-28 20:48:58 Debug: Notice (8): Undefined variable: sms in [C:\Users\Jorgep\Documents\software\xampp\htdocs\pepsi_masiva2012\app\View\Users\stats.ctp, line 17]
Trace:
include - APP\View\Users\stats.ctp, line 17
View::_evaluate() - CORE\Cake\View\View.php, line 910
View::_render() - CORE\Cake\View\View.php, line 874
View::render() - CORE\Cake\View\View.php, line 465
Controller::render() - CORE\Cake\Controller\Controller.php, line 959
Dispatcher::_invoke() - CORE\Cake\Routing\Dispatcher.php, line 110
Dispatcher::dispatch() - CORE\Cake\Routing\Dispatcher.php, line 85
[main] - APP\webroot\index.php, line 92

2012-08-28 20:48:58 Debug: Notice (8): Undefined variable: mobilesGiven in [C:\Users\Jorgep\Documents\software\xampp\htdocs\pepsi_masiva2012\app\View\Users\stats.ctp, line 21]
Trace:
include - APP\View\Users\stats.ctp, line 21
View::_evaluate() - CORE\Cake\View\View.php, line 910
View::_render() - CORE\Cake\View\View.php, line 874
View::render() - CORE\Cake\View\View.php, line 465
Controller::render() - CORE\Cake\Controller\Controller.php, line 959
Dispatcher::_invoke() - CORE\Cake\Routing\Dispatcher.php, line 110
Dispatcher::dispatch() - CORE\Cake\Routing\Dispatcher.php, line 85
[main] - APP\webroot\index.php, line 92

2012-08-28 20:49:48 Debug: Notice (8): Undefined variable: codesUsed in [C:\Users\Jorgep\Documents\software\xampp\htdocs\pepsi_masiva2012\app\View\Users\stats.ctp, line 5]
Trace:
include - APP\View\Users\stats.ctp, line 5
View::_evaluate() - CORE\Cake\View\View.php, line 910
View::_render() - CORE\Cake\View\View.php, line 874
View::render() - CORE\Cake\View\View.php, line 465
Controller::render() - CORE\Cake\Controller\Controller.php, line 959
Dispatcher::_invoke() - CORE\Cake\Routing\Dispatcher.php, line 110
Dispatcher::dispatch() - CORE\Cake\Routing\Dispatcher.php, line 85
[main] - APP\webroot\index.php, line 92

2012-08-28 20:49:48 Debug: Notice (8): Undefined variable: prizes in [C:\Users\Jorgep\Documents\software\xampp\htdocs\pepsi_masiva2012\app\View\Users\stats.ctp, line 9]
Trace:
include - APP\View\Users\stats.ctp, line 9
View::_evaluate() - CORE\Cake\View\View.php, line 910
View::_render() - CORE\Cake\View\View.php, line 874
View::render() - CORE\Cake\View\View.php, line 465
Controller::render() - CORE\Cake\Controller\Controller.php, line 959
Dispatcher::_invoke() - CORE\Cake\Routing\Dispatcher.php, line 110
Dispatcher::dispatch() - CORE\Cake\Routing\Dispatcher.php, line 85
[main] - APP\webroot\index.php, line 92

2012-08-28 20:49:48 Debug: Notice (8): Undefined variable: codesBackup in [C:\Users\Jorgep\Documents\software\xampp\htdocs\pepsi_masiva2012\app\View\Users\stats.ctp, line 13]
Trace:
include - APP\View\Users\stats.ctp, line 13
View::_evaluate() - CORE\Cake\View\View.php, line 910
View::_render() - CORE\Cake\View\View.php, line 874
View::render() - CORE\Cake\View\View.php, line 465
Controller::render() - CORE\Cake\Controller\Controller.php, line 959
Dispatcher::_invoke() - CORE\Cake\Routing\Dispatcher.php, line 110
Dispatcher::dispatch() - CORE\Cake\Routing\Dispatcher.php, line 85
[main] - APP\webroot\index.php, line 92

2012-08-28 20:49:48 Debug: Notice (8): Undefined variable: sms in [C:\Users\Jorgep\Documents\software\xampp\htdocs\pepsi_masiva2012\app\View\Users\stats.ctp, line 17]
Trace:
include - APP\View\Users\stats.ctp, line 17
View::_evaluate() - CORE\Cake\View\View.php, line 910
View::_render() - CORE\Cake\View\View.php, line 874
View::render() - CORE\Cake\View\View.php, line 465
Controller::render() - CORE\Cake\Controller\Controller.php, line 959
Dispatcher::_invoke() - CORE\Cake\Routing\Dispatcher.php, line 110
Dispatcher::dispatch() - CORE\Cake\Routing\Dispatcher.php, line 85
[main] - APP\webroot\index.php, line 92

2012-08-28 20:49:48 Debug: Notice (8): Undefined variable: mobilesGiven in [C:\Users\Jorgep\Documents\software\xampp\htdocs\pepsi_masiva2012\app\View\Users\stats.ctp, line 21]
Trace:
include - APP\View\Users\stats.ctp, line 21
View::_evaluate() - CORE\Cake\View\View.php, line 910
View::_render() - CORE\Cake\View\View.php, line 874
View::render() - CORE\Cake\View\View.php, line 465
Controller::render() - CORE\Cake\Controller\Controller.php, line 959
Dispatcher::_invoke() - CORE\Cake\Routing\Dispatcher.php, line 110
Dispatcher::dispatch() - CORE\Cake\Routing\Dispatcher.php, line 85
[main] - APP\webroot\index.php, line 92

2012-08-28 20:50:10 Debug: Notice (8): Undefined variable: prizes in [C:\Users\Jorgep\Documents\software\xampp\htdocs\pepsi_masiva2012\app\View\Users\stats.ctp, line 9]
Trace:
include - APP\View\Users\stats.ctp, line 9
View::_evaluate() - CORE\Cake\View\View.php, line 910
View::_render() - CORE\Cake\View\View.php, line 874
View::render() - CORE\Cake\View\View.php, line 465
Controller::render() - CORE\Cake\Controller\Controller.php, line 959
Dispatcher::_invoke() - CORE\Cake\Routing\Dispatcher.php, line 110
Dispatcher::dispatch() - CORE\Cake\Routing\Dispatcher.php, line 85
[main] - APP\webroot\index.php, line 92

2012-08-28 20:50:10 Debug: Notice (8): Undefined variable: codesBackup in [C:\Users\Jorgep\Documents\software\xampp\htdocs\pepsi_masiva2012\app\View\Users\stats.ctp, line 13]
Trace:
include - APP\View\Users\stats.ctp, line 13
View::_evaluate() - CORE\Cake\View\View.php, line 910
View::_render() - CORE\Cake\View\View.php, line 874
View::render() - CORE\Cake\View\View.php, line 465
Controller::render() - CORE\Cake\Controller\Controller.php, line 959
Dispatcher::_invoke() - CORE\Cake\Routing\Dispatcher.php, line 110
Dispatcher::dispatch() - CORE\Cake\Routing\Dispatcher.php, line 85
[main] - APP\webroot\index.php, line 92

2012-08-28 20:50:10 Debug: Notice (8): Undefined variable: sms in [C:\Users\Jorgep\Documents\software\xampp\htdocs\pepsi_masiva2012\app\View\Users\stats.ctp, line 17]
Trace:
include - APP\View\Users\stats.ctp, line 17
View::_evaluate() - CORE\Cake\View\View.php, line 910
View::_render() - CORE\Cake\View\View.php, line 874
View::render() - CORE\Cake\View\View.php, line 465
Controller::render() - CORE\Cake\Controller\Controller.php, line 959
Dispatcher::_invoke() - CORE\Cake\Routing\Dispatcher.php, line 110
Dispatcher::dispatch() - CORE\Cake\Routing\Dispatcher.php, line 85
[main] - APP\webroot\index.php, line 92

2012-08-28 20:50:10 Debug: Notice (8): Undefined variable: mobilesGiven in [C:\Users\Jorgep\Documents\software\xampp\htdocs\pepsi_masiva2012\app\View\Users\stats.ctp, line 21]
Trace:
include - APP\View\Users\stats.ctp, line 21
View::_evaluate() - CORE\Cake\View\View.php, line 910
View::_render() - CORE\Cake\View\View.php, line 874
View::render() - CORE\Cake\View\View.php, line 465
Controller::render() - CORE\Cake\Controller\Controller.php, line 959
Dispatcher::_invoke() - CORE\Cake\Routing\Dispatcher.php, line 110
Dispatcher::dispatch() - CORE\Cake\Routing\Dispatcher.php, line 85
[main] - APP\webroot\index.php, line 92

2012-08-28 20:51:02 Debug: Notice (8): Undefined variable: prizes in [C:\Users\Jorgep\Documents\software\xampp\htdocs\pepsi_masiva2012\app\View\Users\stats.ctp, line 9]
Trace:
include - APP\View\Users\stats.ctp, line 9
View::_evaluate() - CORE\Cake\View\View.php, line 910
View::_render() - CORE\Cake\View\View.php, line 874
View::render() - CORE\Cake\View\View.php, line 465
Controller::render() - CORE\Cake\Controller\Controller.php, line 959
Dispatcher::_invoke() - CORE\Cake\Routing\Dispatcher.php, line 110
Dispatcher::dispatch() - CORE\Cake\Routing\Dispatcher.php, line 85
[main] - APP\webroot\index.php, line 92

2012-08-28 20:51:02 Debug: Notice (8): Undefined variable: codesBackup in [C:\Users\Jorgep\Documents\software\xampp\htdocs\pepsi_masiva2012\app\View\Users\stats.ctp, line 13]
Trace:
include - APP\View\Users\stats.ctp, line 13
View::_evaluate() - CORE\Cake\View\View.php, line 910
View::_render() - CORE\Cake\View\View.php, line 874
View::render() - CORE\Cake\View\View.php, line 465
Controller::render() - CORE\Cake\Controller\Controller.php, line 959
Dispatcher::_invoke() - CORE\Cake\Routing\Dispatcher.php, line 110
Dispatcher::dispatch() - CORE\Cake\Routing\Dispatcher.php, line 85
[main] - APP\webroot\index.php, line 92

2012-08-28 20:51:02 Debug: Notice (8): Undefined variable: sms in [C:\Users\Jorgep\Documents\software\xampp\htdocs\pepsi_masiva2012\app\View\Users\stats.ctp, line 17]
Trace:
include - APP\View\Users\stats.ctp, line 17
View::_evaluate() - CORE\Cake\View\View.php, line 910
View::_render() - CORE\Cake\View\View.php, line 874
View::render() - CORE\Cake\View\View.php, line 465
Controller::render() - CORE\Cake\Controller\Controller.php, line 959
Dispatcher::_invoke() - CORE\Cake\Routing\Dispatcher.php, line 110
Dispatcher::dispatch() - CORE\Cake\Routing\Dispatcher.php, line 85
[main] - APP\webroot\index.php, line 92

2012-08-28 20:51:02 Debug: Notice (8): Undefined variable: mobilesGiven in [C:\Users\Jorgep\Documents\software\xampp\htdocs\pepsi_masiva2012\app\View\Users\stats.ctp, line 21]
Trace:
include - APP\View\Users\stats.ctp, line 21
View::_evaluate() - CORE\Cake\View\View.php, line 910
View::_render() - CORE\Cake\View\View.php, line 874
View::render() - CORE\Cake\View\View.php, line 465
Controller::render() - CORE\Cake\Controller\Controller.php, line 959
Dispatcher::_invoke() - CORE\Cake\Routing\Dispatcher.php, line 110
Dispatcher::dispatch() - CORE\Cake\Routing\Dispatcher.php, line 85
[main] - APP\webroot\index.php, line 92

2012-08-28 20:51:03 Debug: Notice (8): Undefined variable: prizes in [C:\Users\Jorgep\Documents\software\xampp\htdocs\pepsi_masiva2012\app\View\Users\stats.ctp, line 9]
Trace:
include - APP\View\Users\stats.ctp, line 9
View::_evaluate() - CORE\Cake\View\View.php, line 910
View::_render() - CORE\Cake\View\View.php, line 874
View::render() - CORE\Cake\View\View.php, line 465
Controller::render() - CORE\Cake\Controller\Controller.php, line 959
Dispatcher::_invoke() - CORE\Cake\Routing\Dispatcher.php, line 110
Dispatcher::dispatch() - CORE\Cake\Routing\Dispatcher.php, line 85
[main] - APP\webroot\index.php, line 92

2012-08-28 20:51:03 Debug: Notice (8): Undefined variable: codesBackup in [C:\Users\Jorgep\Documents\software\xampp\htdocs\pepsi_masiva2012\app\View\Users\stats.ctp, line 13]
Trace:
include - APP\View\Users\stats.ctp, line 13
View::_evaluate() - CORE\Cake\View\View.php, line 910
View::_render() - CORE\Cake\View\View.php, line 874
View::render() - CORE\Cake\View\View.php, line 465
Controller::render() - CORE\Cake\Controller\Controller.php, line 959
Dispatcher::_invoke() - CORE\Cake\Routing\Dispatcher.php, line 110
Dispatcher::dispatch() - CORE\Cake\Routing\Dispatcher.php, line 85
[main] - APP\webroot\index.php, line 92

2012-08-28 20:51:03 Debug: Notice (8): Undefined variable: sms in [C:\Users\Jorgep\Documents\software\xampp\htdocs\pepsi_masiva2012\app\View\Users\stats.ctp, line 17]
Trace:
include - APP\View\Users\stats.ctp, line 17
View::_evaluate() - CORE\Cake\View\View.php, line 910
View::_render() - CORE\Cake\View\View.php, line 874
View::render() - CORE\Cake\View\View.php, line 465
Controller::render() - CORE\Cake\Controller\Controller.php, line 959
Dispatcher::_invoke() - CORE\Cake\Routing\Dispatcher.php, line 110
Dispatcher::dispatch() - CORE\Cake\Routing\Dispatcher.php, line 85
[main] - APP\webroot\index.php, line 92

2012-08-28 20:51:03 Debug: Notice (8): Undefined variable: mobilesGiven in [C:\Users\Jorgep\Documents\software\xampp\htdocs\pepsi_masiva2012\app\View\Users\stats.ctp, line 21]
Trace:
include - APP\View\Users\stats.ctp, line 21
View::_evaluate() - CORE\Cake\View\View.php, line 910
View::_render() - CORE\Cake\View\View.php, line 874
View::render() - CORE\Cake\View\View.php, line 465
Controller::render() - CORE\Cake\Controller\Controller.php, line 959
Dispatcher::_invoke() - CORE\Cake\Routing\Dispatcher.php, line 110
Dispatcher::dispatch() - CORE\Cake\Routing\Dispatcher.php, line 85
[main] - APP\webroot\index.php, line 92

2012-08-28 20:51:28 Debug: Notice (8): Undefined variable: prizes in [C:\Users\Jorgep\Documents\software\xampp\htdocs\pepsi_masiva2012\app\View\Users\stats.ctp, line 9]
Trace:
include - APP\View\Users\stats.ctp, line 9
View::_evaluate() - CORE\Cake\View\View.php, line 910
View::_render() - CORE\Cake\View\View.php, line 874
View::render() - CORE\Cake\View\View.php, line 465
Controller::render() - CORE\Cake\Controller\Controller.php, line 959
Dispatcher::_invoke() - CORE\Cake\Routing\Dispatcher.php, line 110
Dispatcher::dispatch() - CORE\Cake\Routing\Dispatcher.php, line 85
[main] - APP\webroot\index.php, line 92

2012-08-28 20:51:28 Debug: Notice (8): Undefined variable: codesBackup in [C:\Users\Jorgep\Documents\software\xampp\htdocs\pepsi_masiva2012\app\View\Users\stats.ctp, line 13]
Trace:
include - APP\View\Users\stats.ctp, line 13
View::_evaluate() - CORE\Cake\View\View.php, line 910
View::_render() - CORE\Cake\View\View.php, line 874
View::render() - CORE\Cake\View\View.php, line 465
Controller::render() - CORE\Cake\Controller\Controller.php, line 959
Dispatcher::_invoke() - CORE\Cake\Routing\Dispatcher.php, line 110
Dispatcher::dispatch() - CORE\Cake\Routing\Dispatcher.php, line 85
[main] - APP\webroot\index.php, line 92

2012-08-28 20:51:28 Debug: Notice (8): Undefined variable: sms in [C:\Users\Jorgep\Documents\software\xampp\htdocs\pepsi_masiva2012\app\View\Users\stats.ctp, line 17]
Trace:
include - APP\View\Users\stats.ctp, line 17
View::_evaluate() - CORE\Cake\View\View.php, line 910
View::_render() - CORE\Cake\View\View.php, line 874
View::render() - CORE\Cake\View\View.php, line 465
Controller::render() - CORE\Cake\Controller\Controller.php, line 959
Dispatcher::_invoke() - CORE\Cake\Routing\Dispatcher.php, line 110
Dispatcher::dispatch() - CORE\Cake\Routing\Dispatcher.php, line 85
[main] - APP\webroot\index.php, line 92

2012-08-28 20:51:28 Debug: Notice (8): Undefined variable: mobilesGiven in [C:\Users\Jorgep\Documents\software\xampp\htdocs\pepsi_masiva2012\app\View\Users\stats.ctp, line 21]
Trace:
include - APP\View\Users\stats.ctp, line 21
View::_evaluate() - CORE\Cake\View\View.php, line 910
View::_render() - CORE\Cake\View\View.php, line 874
View::render() - CORE\Cake\View\View.php, line 465
Controller::render() - CORE\Cake\Controller\Controller.php, line 959
Dispatcher::_invoke() - CORE\Cake\Routing\Dispatcher.php, line 110
Dispatcher::dispatch() - CORE\Cake\Routing\Dispatcher.php, line 85
[main] - APP\webroot\index.php, line 92

2012-08-28 20:51:30 Debug: Notice (8): Undefined variable: prizes in [C:\Users\Jorgep\Documents\software\xampp\htdocs\pepsi_masiva2012\app\View\Users\stats.ctp, line 9]
Trace:
include - APP\View\Users\stats.ctp, line 9
View::_evaluate() - CORE\Cake\View\View.php, line 910
View::_render() - CORE\Cake\View\View.php, line 874
View::render() - CORE\Cake\View\View.php, line 465
Controller::render() - CORE\Cake\Controller\Controller.php, line 959
Dispatcher::_invoke() - CORE\Cake\Routing\Dispatcher.php, line 110
Dispatcher::dispatch() - CORE\Cake\Routing\Dispatcher.php, line 85
[main] - APP\webroot\index.php, line 92

2012-08-28 20:51:30 Debug: Notice (8): Undefined variable: codesBackup in [C:\Users\Jorgep\Documents\software\xampp\htdocs\pepsi_masiva2012\app\View\Users\stats.ctp, line 13]
Trace:
include - APP\View\Users\stats.ctp, line 13
View::_evaluate() - CORE\Cake\View\View.php, line 910
View::_render() - CORE\Cake\View\View.php, line 874
View::render() - CORE\Cake\View\View.php, line 465
Controller::render() - CORE\Cake\Controller\Controller.php, line 959
Dispatcher::_invoke() - CORE\Cake\Routing\Dispatcher.php, line 110
Dispatcher::dispatch() - CORE\Cake\Routing\Dispatcher.php, line 85
[main] - APP\webroot\index.php, line 92

2012-08-28 20:51:30 Debug: Notice (8): Undefined variable: sms in [C:\Users\Jorgep\Documents\software\xampp\htdocs\pepsi_masiva2012\app\View\Users\stats.ctp, line 17]
Trace:
include - APP\View\Users\stats.ctp, line 17
View::_evaluate() - CORE\Cake\View\View.php, line 910
View::_render() - CORE\Cake\View\View.php, line 874
View::render() - CORE\Cake\View\View.php, line 465
Controller::render() - CORE\Cake\Controller\Controller.php, line 959
Dispatcher::_invoke() - CORE\Cake\Routing\Dispatcher.php, line 110
Dispatcher::dispatch() - CORE\Cake\Routing\Dispatcher.php, line 85
[main] - APP\webroot\index.php, line 92

2012-08-28 20:51:30 Debug: Notice (8): Undefined variable: mobilesGiven in [C:\Users\Jorgep\Documents\software\xampp\htdocs\pepsi_masiva2012\app\View\Users\stats.ctp, line 21]
Trace:
include - APP\View\Users\stats.ctp, line 21
View::_evaluate() - CORE\Cake\View\View.php, line 910
View::_render() - CORE\Cake\View\View.php, line 874
View::render() - CORE\Cake\View\View.php, line 465
Controller::render() - CORE\Cake\Controller\Controller.php, line 959
Dispatcher::_invoke() - CORE\Cake\Routing\Dispatcher.php, line 110
Dispatcher::dispatch() - CORE\Cake\Routing\Dispatcher.php, line 85
[main] - APP\webroot\index.php, line 92

2012-08-28 20:51:32 Debug: Notice (8): Undefined variable: prizes in [C:\Users\Jorgep\Documents\software\xampp\htdocs\pepsi_masiva2012\app\View\Users\stats.ctp, line 9]
Trace:
include - APP\View\Users\stats.ctp, line 9
View::_evaluate() - CORE\Cake\View\View.php, line 910
View::_render() - CORE\Cake\View\View.php, line 874
View::render() - CORE\Cake\View\View.php, line 465
Controller::render() - CORE\Cake\Controller\Controller.php, line 959
Dispatcher::_invoke() - CORE\Cake\Routing\Dispatcher.php, line 110
Dispatcher::dispatch() - CORE\Cake\Routing\Dispatcher.php, line 85
[main] - APP\webroot\index.php, line 92

2012-08-28 20:51:32 Debug: Notice (8): Undefined variable: codesBackup in [C:\Users\Jorgep\Documents\software\xampp\htdocs\pepsi_masiva2012\app\View\Users\stats.ctp, line 13]
Trace:
include - APP\View\Users\stats.ctp, line 13
View::_evaluate() - CORE\Cake\View\View.php, line 910
View::_render() - CORE\Cake\View\View.php, line 874
View::render() - CORE\Cake\View\View.php, line 465
Controller::render() - CORE\Cake\Controller\Controller.php, line 959
Dispatcher::_invoke() - CORE\Cake\Routing\Dispatcher.php, line 110
Dispatcher::dispatch() - CORE\Cake\Routing\Dispatcher.php, line 85
[main] - APP\webroot\index.php, line 92

2012-08-28 20:51:32 Debug: Notice (8): Undefined variable: sms in [C:\Users\Jorgep\Documents\software\xampp\htdocs\pepsi_masiva2012\app\View\Users\stats.ctp, line 17]
Trace:
include - APP\View\Users\stats.ctp, line 17
View::_evaluate() - CORE\Cake\View\View.php, line 910
View::_render() - CORE\Cake\View\View.php, line 874
View::render() - CORE\Cake\View\View.php, line 465
Controller::render() - CORE\Cake\Controller\Controller.php, line 959
Dispatcher::_invoke() - CORE\Cake\Routing\Dispatcher.php, line 110
Dispatcher::dispatch() - CORE\Cake\Routing\Dispatcher.php, line 85
[main] - APP\webroot\index.php, line 92

2012-08-28 20:51:32 Debug: Notice (8): Undefined variable: mobilesGiven in [C:\Users\Jorgep\Documents\software\xampp\htdocs\pepsi_masiva2012\app\View\Users\stats.ctp, line 21]
Trace:
include - APP\View\Users\stats.ctp, line 21
View::_evaluate() - CORE\Cake\View\View.php, line 910
View::_render() - CORE\Cake\View\View.php, line 874
View::render() - CORE\Cake\View\View.php, line 465
Controller::render() - CORE\Cake\Controller\Controller.php, line 959
Dispatcher::_invoke() - CORE\Cake\Routing\Dispatcher.php, line 110
Dispatcher::dispatch() - CORE\Cake\Routing\Dispatcher.php, line 85
[main] - APP\webroot\index.php, line 92

2012-08-28 20:51:48 Debug: Notice (8): Undefined variable: prizes in [C:\Users\Jorgep\Documents\software\xampp\htdocs\pepsi_masiva2012\app\View\Users\stats.ctp, line 9]
Trace:
include - APP\View\Users\stats.ctp, line 9
View::_evaluate() - CORE\Cake\View\View.php, line 910
View::_render() - CORE\Cake\View\View.php, line 874
View::render() - CORE\Cake\View\View.php, line 465
Controller::render() - CORE\Cake\Controller\Controller.php, line 959
Dispatcher::_invoke() - CORE\Cake\Routing\Dispatcher.php, line 110
Dispatcher::dispatch() - CORE\Cake\Routing\Dispatcher.php, line 85
[main] - APP\webroot\index.php, line 92

2012-08-28 20:51:48 Debug: Notice (8): Undefined variable: codesBackup in [C:\Users\Jorgep\Documents\software\xampp\htdocs\pepsi_masiva2012\app\View\Users\stats.ctp, line 13]
Trace:
include - APP\View\Users\stats.ctp, line 13
View::_evaluate() - CORE\Cake\View\View.php, line 910
View::_render() - CORE\Cake\View\View.php, line 874
View::render() - CORE\Cake\View\View.php, line 465
Controller::render() - CORE\Cake\Controller\Controller.php, line 959
Dispatcher::_invoke() - CORE\Cake\Routing\Dispatcher.php, line 110
Dispatcher::dispatch() - CORE\Cake\Routing\Dispatcher.php, line 85
[main] - APP\webroot\index.php, line 92

2012-08-28 20:51:48 Debug: Notice (8): Undefined variable: sms in [C:\Users\Jorgep\Documents\software\xampp\htdocs\pepsi_masiva2012\app\View\Users\stats.ctp, line 17]
Trace:
include - APP\View\Users\stats.ctp, line 17
View::_evaluate() - CORE\Cake\View\View.php, line 910
View::_render() - CORE\Cake\View\View.php, line 874
View::render() - CORE\Cake\View\View.php, line 465
Controller::render() - CORE\Cake\Controller\Controller.php, line 959
Dispatcher::_invoke() - CORE\Cake\Routing\Dispatcher.php, line 110
Dispatcher::dispatch() - CORE\Cake\Routing\Dispatcher.php, line 85
[main] - APP\webroot\index.php, line 92

2012-08-28 20:51:48 Debug: Notice (8): Undefined variable: mobilesGiven in [C:\Users\Jorgep\Documents\software\xampp\htdocs\pepsi_masiva2012\app\View\Users\stats.ctp, line 21]
Trace:
include - APP\View\Users\stats.ctp, line 21
View::_evaluate() - CORE\Cake\View\View.php, line 910
View::_render() - CORE\Cake\View\View.php, line 874
View::render() - CORE\Cake\View\View.php, line 465
Controller::render() - CORE\Cake\Controller\Controller.php, line 959
Dispatcher::_invoke() - CORE\Cake\Routing\Dispatcher.php, line 110
Dispatcher::dispatch() - CORE\Cake\Routing\Dispatcher.php, line 85
[main] - APP\webroot\index.php, line 92

2013-02-08 15:17:06 Debug: Notice (8): Undefined variable: id in [C:\Users\Jorgep\Documents\software\xampp\htdocs\2013_01_lasllaves\app\View\Raffles\get_winners.ctp, line 136]
Trace:
include - APP\View\Raffles\get_winners.ctp, line 136
View::_evaluate() - CORE\Cake\View\View.php, line 910
View::_render() - CORE\Cake\View\View.php, line 874
View::render() - CORE\Cake\View\View.php, line 465
Controller::render() - CORE\Cake\Controller\Controller.php, line 959
Dispatcher::_invoke() - CORE\Cake\Routing\Dispatcher.php, line 110
Dispatcher::dispatch() - CORE\Cake\Routing\Dispatcher.php, line 85
[main] - APP\webroot\index.php, line 92

2013-02-08 15:17:06 Debug: Notice (8): Undefined variable: id in [C:\Users\Jorgep\Documents\software\xampp\htdocs\2013_01_lasllaves\app\View\Raffles\get_winners.ctp, line 141]
Trace:
include - APP\View\Raffles\get_winners.ctp, line 141
View::_evaluate() - CORE\Cake\View\View.php, line 910
View::_render() - CORE\Cake\View\View.php, line 874
View::render() - CORE\Cake\View\View.php, line 465
Controller::render() - CORE\Cake\Controller\Controller.php, line 959
Dispatcher::_invoke() - CORE\Cake\Routing\Dispatcher.php, line 110
Dispatcher::dispatch() - CORE\Cake\Routing\Dispatcher.php, line 85
[main] - APP\webroot\index.php, line 92

2013-02-08 15:09:40 Notice: Notice (8): Undefined variable: id in [/home/equijuegos/www/juegos.equilibrio.net/sorteo/2013_01_lasllaves/app/View/Raffles/get_winners.ctp, line 136]
Trace:
include - APP/View/Raffles/get_winners.ctp, line 136
View::_evaluate() - CORE/Cake/View/View.php, line 910
View::_render() - CORE/Cake/View/View.php, line 874
View::render() - CORE/Cake/View/View.php, line 465
Controller::render() - CORE/Cake/Controller/Controller.php, line 959
Dispatcher::_invoke() - CORE/Cake/Routing/Dispatcher.php, line 110
Dispatcher::dispatch() - CORE/Cake/Routing/Dispatcher.php, line 85
[main] - APP/webroot/index.php, line 92

2013-02-08 15:09:40 Notice: Notice (8): Undefined variable: id in [/home/equijuegos/www/juegos.equilibrio.net/sorteo/2013_01_lasllaves/app/View/Raffles/get_winners.ctp, line 141]
Trace:
include - APP/View/Raffles/get_winners.ctp, line 141
View::_evaluate() - CORE/Cake/View/View.php, line 910
View::_render() - CORE/Cake/View/View.php, line 874
View::render() - CORE/Cake/View/View.php, line 465
Controller::render() - CORE/Cake/Controller/Controller.php, line 959
Dispatcher::_invoke() - CORE/Cake/Routing/Dispatcher.php, line 110
Dispatcher::dispatch() - CORE/Cake/Routing/Dispatcher.php, line 85
[main] - APP/webroot/index.php, line 92

2013-02-08 15:45:45 Notice: Notice (8): Undefined variable: id in [/home/equijuegos/www/juegos.equilibrio.net/sorteo/2013_01_lasllaves/app/View/Raffles/get_winners.ctp, line 136]
Trace:
include - APP/View/Raffles/get_winners.ctp, line 136
View::_evaluate() - CORE/Cake/View/View.php, line 910
View::_render() - CORE/Cake/View/View.php, line 874
View::render() - CORE/Cake/View/View.php, line 465
Controller::render() - CORE/Cake/Controller/Controller.php, line 959
Dispatcher::_invoke() - CORE/Cake/Routing/Dispatcher.php, line 110
Dispatcher::dispatch() - CORE/Cake/Routing/Dispatcher.php, line 85
[main] - APP/webroot/index.php, line 92

2013-02-08 15:45:45 Notice: Notice (8): Undefined variable: id in [/home/equijuegos/www/juegos.equilibrio.net/sorteo/2013_01_lasllaves/app/View/Raffles/get_winners.ctp, line 141]
Trace:
include - APP/View/Raffles/get_winners.ctp, line 141
View::_evaluate() - CORE/Cake/View/View.php, line 910
View::_render() - CORE/Cake/View/View.php, line 874
View::render() - CORE/Cake/View/View.php, line 465
Controller::render() - CORE/Cake/Controller/Controller.php, line 959
Dispatcher::_invoke() - CORE/Cake/Routing/Dispatcher.php, line 110
Dispatcher::dispatch() - CORE/Cake/Routing/Dispatcher.php, line 85
[main] - APP/webroot/index.php, line 92

2013-02-08 15:54:03 Notice: Notice (8): Undefined variable: id in [/home/equijuegos/www/juegos.equilibrio.net/sorteo/2013_01_lasllaves/app/View/Raffles/get_winners.ctp, line 136]
Trace:
include - APP/View/Raffles/get_winners.ctp, line 136
View::_evaluate() - CORE/Cake/View/View.php, line 910
View::_render() - CORE/Cake/View/View.php, line 874
View::render() - CORE/Cake/View/View.php, line 465
Controller::render() - CORE/Cake/Controller/Controller.php, line 959
Dispatcher::_invoke() - CORE/Cake/Routing/Dispatcher.php, line 110
Dispatcher::dispatch() - CORE/Cake/Routing/Dispatcher.php, line 85
[main] - APP/webroot/index.php, line 92

2013-02-08 15:54:03 Notice: Notice (8): Undefined variable: id in [/home/equijuegos/www/juegos.equilibrio.net/sorteo/2013_01_lasllaves/app/View/Raffles/get_winners.ctp, line 141]
Trace:
include - APP/View/Raffles/get_winners.ctp, line 141
View::_evaluate() - CORE/Cake/View/View.php, line 910
View::_render() - CORE/Cake/View/View.php, line 874
View::render() - CORE/Cake/View/View.php, line 465
Controller::render() - CORE/Cake/Controller/Controller.php, line 959
Dispatcher::_invoke() - CORE/Cake/Routing/Dispatcher.php, line 110
Dispatcher::dispatch() - CORE/Cake/Routing/Dispatcher.php, line 85
[main] - APP/webroot/index.php, line 92

2013-02-15 16:33:10 Notice: Notice (8): Undefined variable: prize in [/home/equijuegos/www/juegos.equilibrio.net/sorteo/2013_01_lasllaves/app/Controller/PrizesController.php, line 187]
Trace:
PrizesController::delete_remotely() - APP/Controller/PrizesController.php, line 187
ReflectionMethod::invokeArgs() - [internal], line ??
Controller::invokeAction() - CORE/Cake/Controller/Controller.php, line 485
Dispatcher::_invoke() - CORE/Cake/Routing/Dispatcher.php, line 103
Dispatcher::dispatch() - CORE/Cake/Routing/Dispatcher.php, line 85
[main] - APP/webroot/index.php, line 92

2013-02-15 16:33:18 Notice: Notice (8): Undefined variable: prize in [/home/equijuegos/www/juegos.equilibrio.net/sorteo/2013_01_lasllaves/app/Controller/PrizesController.php, line 187]
Trace:
PrizesController::delete_remotely() - APP/Controller/PrizesController.php, line 187
ReflectionMethod::invokeArgs() - [internal], line ??
Controller::invokeAction() - CORE/Cake/Controller/Controller.php, line 485
Dispatcher::_invoke() - CORE/Cake/Routing/Dispatcher.php, line 103
Dispatcher::dispatch() - CORE/Cake/Routing/Dispatcher.php, line 85
[main] - APP/webroot/index.php, line 92

